app/build/outputs/logs/manifest-merger-debug-report.txt
-- Merging decision tree log ---
manifest
ADDED from src/main/AndroidManifest.xml:2:1-33:12
	package
		ADDED from src/main/AndroidManifest.xml:3:5-33
		INJECTED from src/main/AndroidManifest.xml
		INJECTED from src/main/AndroidManifest.xml
	android:versionName
		ADDED from src/main/AndroidManifest.xml:3:90-117
		INJECTED from src/main/AndroidManifest.xml
		INJECTED from src/main/AndroidManifest.xml
	android:versionCode
		ADDED from src/main/AndroidManifest.xml:3:65-89
		INJECTED from src/main/AndroidManifest.xml
		INJECTED from src/main/AndroidManifest.xml
	xmlns:android
		ADDED from src/main/AndroidManifest.xml:2:11-69
	android:installLocation
		ADDED from src/main/AndroidManifest.xml:3:34-64
application
ADDED from src/main/AndroidManifest.xml:4:5-27:16
	android:label
		ADDED from src/main/AndroidManifest.xml:4:48-74
	android:debuggable
		ADDED from src/main/AndroidManifest.xml:4:75-100
	android:icon
		ADDED from src/main/AndroidManifest.xml:4:18-47
activity#android.androidVNC.androidVNC
ADDED from src/main/AndroidManifest.xml:5:4-10:14
	android:screenOrientation
		ADDED from src/main/AndroidManifest.xml:5:73-110
	android:label
		ADDED from src/main/AndroidManifest.xml:5:14-46
	android:name
		ADDED from src/main/AndroidManifest.xml:5:47-72
intent-filter#android.intent.action.MAIN+android.intent.category.LAUNCHER
ADDED from src/main/AndroidManifest.xml:6:4-9:20
action#android.intent.action.MAIN
ADDED from src/main/AndroidManifest.xml:7:5-64
	android:name
		ADDED from src/main/AndroidManifest.xml:7:13-54
category#android.intent.category.LAUNCHER
ADDED from src/main/AndroidManifest.xml:8:5-74
	android:name
		ADDED from src/main/AndroidManifest.xml:8:15-62
activity#android.androidVNC.VncCanvasActivity
ADDED from src/main/AndroidManifest.xml:11:3-20:14
	android:screenOrientation
		ADDED from src/main/AndroidManifest.xml:11:13-50
	android:configChanges
		ADDED from src/main/AndroidManifest.xml:11:51-101
	android:name
		ADDED from src/main/AndroidManifest.xml:11:102-134
intent-filter#android.intent.action.VIEW
ADDED from src/main/AndroidManifest.xml:12:4-14:20
action#android.intent.action.VIEW
ADDED from src/main/AndroidManifest.xml:13:5-64
	android:name
		ADDED from src/main/AndroidManifest.xml:13:13-54
intent-filter#android.intent.action.VIEW+android.intent.category.DEFAULT
ADDED from src/main/AndroidManifest.xml:15:13-19:29
category#android.intent.category.DEFAULT
ADDED from src/main/AndroidManifest.xml:17:17-76
	android:name
		ADDED from src/main/AndroidManifest.xml:17:27-73
data
ADDED from src/main/AndroidManifest.xml:18:17-46
	android:scheme
		ADDED from src/main/AndroidManifest.xml:18:23-43
activity#android.androidVNC.ConnectionListActivity
ADDED from src/main/AndroidManifest.xml:21:8-26:20
	android:label
		ADDED from src/main/AndroidManifest.xml:21:57-95
	android:name
		ADDED from src/main/AndroidManifest.xml:21:18-56
intent-filter#android.intent.action.CREATE_SHORTCUT+android.intent.category.DEFAULT
ADDED from src/main/AndroidManifest.xml:22:10-25:26
action#android.intent.action.CREATE_SHORTCUT
ADDED from src/main/AndroidManifest.xml:23:11-74
	android:name
		ADDED from src/main/AndroidManifest.xml:23:19-71
uses-permission#android.permission.INTERNET
ADDED from src/main/AndroidManifest.xml:28:5-83
	android:name
		ADDED from src/main/AndroidManifest.xml:28:22-64
uses-permission#android.permission.WRITE_EXTERNAL_STORAGE
ADDED from src/main/AndroidManifest.xml:29:2-94
	android:name
		ADDED from src/main/AndroidManifest.xml:29:19-75
uses-sdk
ADDED from src/main/AndroidManifest.xml:30:5-81
	android:targetSdkVersion
		ADDED from src/main/AndroidManifest.xml:30:41-69
		INJECTED from src/main/AndroidManifest.xml
		INJECTED from src/main/AndroidManifest.xml
	android:minSdkVersion
		ADDED from src/main/AndroidManifest.xml:30:15-40
		INJECTED from src/main/AndroidManifest.xml
		INJECTED from src/main/AndroidManifest.xml
supports-screens
ADDED from src/main/AndroidManifest.xml:31:5-51
	android:anyDensity
		ADDED from src/main/AndroidManifest.xml:31:23-48